#
# A fatal error has been detected by the Java Runtime Environment:
#
#  EXCEPTION_ACCESS_VIOLATION (0xc0000005) at pc=0x000000005a4ddcff, pid=4828, tid=0x0000000000000520
#
# JRE version: Java(TM) SE Runtime Environment (8.0_102-b14) (build 1.8.0_102-b14)
# Java VM: Java HotSpot(TM) 64-Bit Server VM (25.102-b14 mixed mode windows-amd64 compressed oops)
# Problematic frame:
# V  [jvm.dll+0x3fdcff]
#
# Failed to write core dump. Minidumps are not enabled by default on client versions of Windows
#
# If you would like to submit a bug report, please visit:
#   http://bugreport.java.com/bugreport/crash.jsp
#

---------------  T H R E A D  ---------------

Current thread (0x000000000219d000):  GCTaskThread [stack: 0x0000000011cb0000,0x0000000011db0000] [id=1312]

siginfo: ExceptionCode=0xc0000005, reading address 0x0000000752b4f7d0

Registers:
RAX=0x00000000c686ce58, RBX=0x0000000011daf378, RCX=0x0000000000000003, RDX=0x000000000002e470
RSP=0x0000000011daf2d0, RBP=0x0000000000d20000, RSI=0x0000000000d1365b, RDI=0x0000000000000003
R8 =0x00000000c686ce58, R9 =0x0000000752b4f7c8, R10=0x0000000000034800, R11=0x00000000c686ce58
R12=0x000000005a8fa6c0, R13=0x00000000000000d1, R14=0x00000000c6900000, R15=0x0000000011daf378
RIP=0x000000005a4ddcff, EFLAGS=0x0000000000010202

Top of Stack: (sp=0x0000000011daf2d0)
0x0000000011daf2d0:   0000000011daf378 0000000000d20000
0x0000000011daf2e0:   0000000000d13658 000000005a4dc64b
0x0000000011daf2f0:   0000000000d20000 000000005a4d35ed
0x0000000011daf300:   0000000000d13659 000000005a4ded9a
0x0000000011daf310:   0000000000000000 000000005a4ddcd8
0x0000000011daf320:   00000000eaaf9c08 00000000c6900000
0x0000000011daf330:   00000000000000d1 0000000000000000
0x0000000011daf340:   00000000c0000000 000000005a4df014
0x0000000011daf350:   0000000000000000 0000000011daf3b8
0x0000000011daf360:   0000000000d10001 0000000011daf3b8
0x0000000011daf370:   0000000000730000 000000005a733278
0x0000000011daf380:   000000005a8fa6c0 000000000226c6a0
0x0000000011daf390:   0000000000002635 00000000c689b2c8
0x0000000011daf3a0:   0000000002193720 00000000c686ce58
0x0000000011daf3b0:   0000000000000000 000000000219d4e0
0x0000000011daf3c0:   000000000219d4d0 0000000000000000 

Instructions: (pc=0x000000005a4ddcff)
0x000000005a4ddcdf:   4c 8b 43 30 74 16 45 8b 48 08 8b 0d b9 0a 3a 00
0x000000005a4ddcef:   49 d3 e1 4c 03 0d a7 0a 3a 00 eb 04 4d 8b 48 08
0x000000005a4ddcff:   41 81 79 08 00 00 00 c0 73 10 49 8b 01 48 8b 53
0x000000005a4ddd0f:   10 49 8b c9 ff 90 28 01 00 00 48 29 7b 18 48 8d 


Register to memory mapping:

RAX=
[error occurred during error reporting (printing register info), id 0xc0000005]

Stack: [0x0000000011cb0000,0x0000000011db0000],  sp=0x0000000011daf2d0,  free space=1020k
Native frames: (J=compiled Java code, j=interpreted, Vv=VM code, C=native code)
V  [jvm.dll+0x3fdcff]
V  [jvm.dll+0x3f35ed]
V  [jvm.dll+0x3ff014]
V  [jvm.dll+0x3f6b1a]
V  [jvm.dll+0x3f4596]
V  [jvm.dll+0x3f1bce]
V  [jvm.dll+0x29c03a]
C  [msvcr100.dll+0x21d7b]
C  [msvcr100.dll+0x21e17]
C  [KERNEL32.DLL+0x16ad]
C  [ntdll.dll+0x154e4]


---------------  P R O C E S S  ---------------

Java Threads: ( => current thread )
  0x000000001bc65000 JavaThread "Forward streams with process: command 'C:\Program Files\Java\jdk1.8.0_102\bin\java.exe' Thread 3" [_thread_blocked, id=7948, stack(0x000000001eaf0000,0x000000001ebf0000)]
  0x000000001bc64800 JavaThread "Forward streams with process: command 'C:\Program Files\Java\jdk1.8.0_102\bin\java.exe' Thread 2" [_thread_in_native, id=7936, stack(0x000000001e9f0000,0x000000001eaf0000)]
  0x000000001bc66800 JavaThread "Run command 'C:\Program Files\Java\jdk1.8.0_102\bin\java.exe'" [_thread_in_native, id=2712, stack(0x000000001e6f0000,0x000000001e7f0000)]
  0x000000001cbda800 JavaThread "Asynchronous log dispatcher for org.gradle.launcher.daemon.server.DefaultDaemonConnection@70583ce8" [_thread_blocked, id=7828, stack(0x000000001e4f0000,0x000000001e5f0000)]
  0x000000001cbd9800 JavaThread "Cancel handler" [_thread_blocked, id=4412, stack(0x000000001e3f0000,0x000000001e4f0000)]
  0x000000001cbd9000 JavaThread "Handler for socket connection from /127.0.0.1:49672 to /127.0.0.1:49681" [_thread_in_native, id=4016, stack(0x000000001e2f0000,0x000000001e3f0000)]
  0x000000001cbd5000 JavaThread "File lock request listener" [_thread_in_native, id=6872, stack(0x000000001b740000,0x000000001b840000)]
  0x0000000017845800 JavaThread "Daemon worker" [_thread_blocked, id=7636, stack(0x0000000018ca0000,0x0000000018da0000)]
  0x0000000017a21000 JavaThread "Daemon" [_thread_blocked, id=6784, stack(0x00000000187a0000,0x00000000188a0000)]
  0x0000000017194000 JavaThread "Incoming local TCP Connector on port 49672" [_thread_in_native, id=7184, stack(0x0000000018090000,0x0000000018190000)]
  0x00000000176ec000 JavaThread "pool-1-thread-1" [_thread_blocked, id=7800, stack(0x00000000181c0000,0x00000000182c0000)]
  0x0000000016218000 JavaThread "Service Thread" daemon [_thread_blocked, id=8012, stack(0x00000000165d0000,0x00000000166d0000)]
  0x000000001495c000 JavaThread "C1 CompilerThread2" daemon [_thread_blocked, id=7836, stack(0x00000000160d0000,0x00000000161d0000)]
  0x0000000014955800 JavaThread "C2 CompilerThread1" daemon [_thread_blocked, id=8076, stack(0x0000000015fd0000,0x00000000160d0000)]
  0x0000000014953800 JavaThread "C2 CompilerThread0" daemon [_thread_blocked, id=7928, stack(0x0000000015ed0000,0x0000000015fd0000)]
  0x0000000014951000 JavaThread "Attach Listener" daemon [_thread_blocked, id=6604, stack(0x0000000015dd0000,0x0000000015ed0000)]
  0x000000001494f800 JavaThread "Signal Dispatcher" daemon [_thread_blocked, id=5004, stack(0x0000000015cd0000,0x0000000015dd0000)]
  0x000000000227e800 JavaThread "Finalizer" daemon [_thread_blocked, id=8184, stack(0x0000000015bd0000,0x0000000015cd0000)]
  0x0000000014918800 JavaThread "Reference Handler" daemon [_thread_blocked, id=6124, stack(0x0000000015ad0000,0x0000000015bd0000)]
  0x0000000002182800 JavaThread "main" [_thread_blocked, id=4580, stack(0x0000000002000000,0x0000000002100000)]

Other Threads:
  0x0000000014917800 VMThread [stack: 0x00000000159d0000,0x0000000015ad0000] [id=2412]
  0x0000000016221800 WatcherThread [stack: 0x00000000167c0000,0x00000000168c0000] [id=5656]

=>0x000000000219d000 (exited) GCTaskThread [stack: 0x0000000011cb0000,0x0000000011db0000] [id=1312]

VM state:at safepoint (normal execution)

VM Mutex/Monitor currently owned by a thread:  ([mutex/lock_event])
[0x000000000214e6e0] Threads_lock - owner thread: 0x0000000014917800
[0x000000000214ece0] Heap_lock - owner thread: 0x000000001bc65000

Heap:
 PSYoungGen      total 230400K, used 128512K [0x00000000eab00000, 0x00000000ff580000, 0x0000000100000000)
  eden space 128512K, 100% used [0x00000000eab00000,0x00000000f2880000,0x00000000f2880000)
  from space 101888K, 0% used [0x00000000f2880000,0x00000000f2880000,0x00000000f8c00000)
  to   space 98816K, 0% used [0x00000000f9500000,0x00000000f9500000,0x00000000ff580000)
 ParOldGen       total 699392K, used 699367K [0x00000000c0000000, 0x00000000eab00000, 0x00000000eab00000)
  object space 699392K, 99% used [0x00000000c0000000,0x00000000eaaf9c08,0x00000000eab00000)
 Metaspace       used 36552K, capacity 37198K, committed 38144K, reserved 1081344K
  class space    used 5026K, capacity 5211K, committed 5376K, reserved 1048576K

Card table byte_map: [0x0000000011640000,0x0000000011850000] byte_map_base: 0x0000000011040000

Marking Bits: (ParMarkBitMap*) 0x000000005a8fa6c0
 Begin Bits: [0x0000000011db0000, 0x0000000012db0000)
 End Bits:   [0x0000000012db0000, 0x0000000013db0000)

Polling page: 0x0000000000700000

CodeCache: size=245760Kb used=17336Kb max_used=17350Kb free=228423Kb
 bounds [0x0000000002280000, 0x0000000003390000, 0x0000000011280000]
 total_blobs=5715 nmethods=5033 adapters=593
 compilation: enabled

Compilation events (10 events):
Event: 5002.536 Thread 0x0000000014953800 5916   !   4       java.util.concurrent.ThreadPoolExecutor::getTask (179 bytes)
Event: 5008.700 Thread 0x0000000014953800 nmethod 5916 0x0000000003384210 code [0x00000000033844c0, 0x0000000003385e98]
Event: 5008.708 Thread 0x0000000014955800 5917       4       java.util.concurrent.ScheduledThreadPoolExecutor$DelayedWorkQueue::add (9 bytes)
Event: 5008.738 Thread 0x0000000014955800 nmethod 5917 0x00000000033806d0 code [0x00000000033808a0, 0x0000000003381250]
Event: 5014.920 Thread 0x0000000014953800 5918       4       java.util.concurrent.ScheduledThreadPoolExecutor$ScheduledFutureTask::run (59 bytes)
Event: 5014.920 Thread 0x0000000014955800 5919   !   4       java.util.concurrent.FutureTask::runAndReset (128 bytes)
Event: 5021.980 Thread 0x0000000014955800 nmethod 5919 0x000000000337f850 code [0x000000000337fa00, 0x000000000337fee8]
Event: 5022.144 Thread 0x0000000014955800 5920       4       java.util.concurrent.ScheduledThreadPoolExecutor$ScheduledFutureTask::setNextRunTime (38 bytes)
Event: 5022.144 Thread 0x0000000014953800 nmethod 5918 0x000000000338a750 code [0x000000000338a940, 0x000000000338b070]
Event: 5022.145 Thread 0x0000000014955800 nmethod 5920 0x00000000025de110 code [0x00000000025de240, 0x00000000025de2d8]

GC Heap History (10 events):
Event: 5008.696 GC heap after
Heap after GC invocations=1142 (full 1091):
 PSYoungGen      total 230400K, used 126852K [0x00000000eab00000, 0x00000000ff580000, 0x0000000100000000)
  eden space 128512K, 98% used [0x00000000eab00000,0x00000000f26e1308,0x00000000f2880000)
  from space 101888K, 0% used [0x00000000f2880000,0x00000000f2880000,0x00000000f8c00000)
  to   space 98816K, 0% used [0x00000000f9500000,0x00000000f9500000,0x00000000ff580000)
 ParOldGen       total 699392K, used 699099K [0x00000000c0000000, 0x00000000eab00000, 0x00000000eab00000)
  object space 699392K, 99% used [0x00000000c0000000,0x00000000eaab6e48,0x00000000eab00000)
 Metaspace       used 36552K, capacity 37198K, committed 38144K, reserved 1081344K
  class space    used 5026K, capacity 5211K, committed 5376K, reserved 1048576K
}
Event: 5008.798 GC heap before
{Heap before GC invocations=1143 (full 1092):
 PSYoungGen      total 230400K, used 128512K [0x00000000eab00000, 0x00000000ff580000, 0x0000000100000000)
  eden space 128512K, 100% used [0x00000000eab00000,0x00000000f2880000,0x00000000f2880000)
  from space 101888K, 0% used [0x00000000f2880000,0x00000000f2880000,0x00000000f8c00000)
  to   space 98816K, 0% used [0x00000000f9500000,0x00000000f9500000,0x00000000ff580000)
 ParOldGen       total 699392K, used 699099K [0x00000000c0000000, 0x00000000eab00000, 0x00000000eab00000)
  object space 699392K, 99% used [0x00000000c0000000,0x00000000eaab6e48,0x00000000eab00000)
 Metaspace       used 36552K, capacity 37198K, committed 38144K, reserved 1081344K
  class space    used 5026K, capacity 5211K, committed 5376K, reserved 1048576K
Event: 5014.919 GC heap after
Heap after GC invocations=1143 (full 1092):
 PSYoungGen      total 230400K, used 127043K [0x00000000eab00000, 0x00000000ff580000, 0x0000000100000000)
  eden space 128512K, 98% used [0x00000000eab00000,0x00000000f2710dc8,0x00000000f2880000)
  from space 101888K, 0% used [0x00000000f2880000,0x00000000f2880000,0x00000000f8c00000)
  to   space 98816K, 0% used [0x00000000f9500000,0x00000000f9500000,0x00000000ff580000)
 ParOldGen       total 699392K, used 698881K [0x00000000c0000000, 0x00000000eab00000, 0x00000000eab00000)
  object space 699392K, 99% used [0x00000000c0000000,0x00000000eaa80478,0x00000000eab00000)
 Metaspace       used 36552K, capacity 37198K, committed 38144K, reserved 1081344K
  class space    used 5026K, capacity 5211K, committed 5376K, reserved 1048576K
}
Event: 5015.306 GC heap before
{Heap before GC invocations=1144 (full 1093):
 PSYoungGen      total 230400K, used 128512K [0x00000000eab00000, 0x00000000ff580000, 0x0000000100000000)
  eden space 128512K, 100% used [0x00000000eab00000,0x00000000f2880000,0x00000000f2880000)
  from space 101888K, 0% used [0x00000000f2880000,0x00000000f2880000,0x00000000f8c00000)
  to   space 98816K, 0% used [0x00000000f9500000,0x00000000f9500000,0x00000000ff580000)
 ParOldGen       total 699392K, used 698881K [0x00000000c0000000, 0x00000000eab00000, 0x00000000eab00000)
  object space 699392K, 99% used [0x00000000c0000000,0x00000000eaa80478,0x00000000eab00000)
 Metaspace       used 36552K, capacity 37198K, committed 38144K, reserved 1081344K
  class space    used 5026K, capacity 5211K, committed 5376K, reserved 1048576K
Event: 5021.979 GC heap after
Heap after GC invocations=1144 (full 1093):
 PSYoungGen      total 230400K, used 126698K [0x00000000eab00000, 0x00000000ff580000, 0x0000000100000000)
  eden space 128512K, 98% used [0x00000000eab00000,0x00000000f26baa90,0x00000000f2880000)
  from space 101888K, 0% used [0x00000000f2880000,0x00000000f2880000,0x00000000f8c00000)
  to   space 98816K, 0% used [0x00000000f9500000,0x00000000f9500000,0x00000000ff580000)
 ParOldGen       total 699392K, used 699208K [0x00000000c0000000, 0x00000000eab00000, 0x00000000eab00000)
  object space 699392K, 99% used [0x00000000c0000000,0x00000000eaad2228,0x00000000eab00000)
 Metaspace       used 36552K, capacity 37198K, committed 38144K, reserved 1081344K
  class space    used 5026K, capacity 5211K, committed 5376K, reserved 1048576K
}
Event: 5022.239 GC heap before
{Heap before GC invocations=1145 (full 1094):
 PSYoungGen      total 230400K, used 128512K [0x00000000eab00000, 0x00000000ff580000, 0x0000000100000000)
  eden space 128512K, 100% used [0x00000000eab00000,0x00000000f2880000,0x00000000f2880000)
  from space 101888K, 0% used [0x00000000f2880000,0x00000000f2880000,0x00000000f8c00000)
  to   space 98816K, 0% used [0x00000000f9500000,0x00000000f9500000,0x00000000ff580000)
 ParOldGen       total 699392K, used 699208K [0x00000000c0000000, 0x00000000eab00000, 0x00000000eab00000)
  object space 699392K, 99% used [0x00000000c0000000,0x00000000eaad2228,0x00000000eab00000)
 Metaspace       used 36552K, capacity 37198K, committed 38144K, reserved 1081344K
  class space    used 5026K, capacity 5211K, committed 5376K, reserved 1048576K
Event: 5031.611 GC heap after
Heap after GC invocations=1145 (full 1094):
 PSYoungGen      total 230400K, used 126912K [0x00000000eab00000, 0x00000000ff580000, 0x0000000100000000)
  eden space 128512K, 98% used [0x00000000eab00000,0x00000000f26f01c8,0x00000000f2880000)
  from space 101888K, 0% used [0x00000000f2880000,0x00000000f2880000,0x00000000f8c00000)
  to   space 98816K, 0% used [0x00000000f9500000,0x00000000f9500000,0x00000000ff580000)
 ParOldGen       total 699392K, used 698990K [0x00000000c0000000, 0x00000000eab00000, 0x00000000eab00000)
  object space 699392K, 99% used [0x00000000c0000000,0x00000000eaa9b9b8,0x00000000eab00000)
 Metaspace       used 36552K, capacity 37198K, committed 38144K, reserved 1081344K
  class space    used 5026K, capacity 5211K, committed 5376K, reserved 1048576K
}
Event: 5031.658 GC heap before
{Heap before GC invocations=1146 (full 1095):
 PSYoungGen      total 230400K, used 128512K [0x00000000eab00000, 0x00000000ff580000, 0x0000000100000000)
  eden space 128512K, 100% used [0x00000000eab00000,0x00000000f2880000,0x00000000f2880000)
  from space 101888K, 0% used [0x00000000f2880000,0x00000000f2880000,0x00000000f8c00000)
  to   space 98816K, 0% used [0x00000000f9500000,0x00000000f9500000,0x00000000ff580000)
 ParOldGen       total 699392K, used 698990K [0x00000000c0000000, 0x00000000eab00000, 0x00000000eab00000)
  object space 699392K, 99% used [0x00000000c0000000,0x00000000eaa9b9b8,0x00000000eab00000)
 Metaspace       used 36552K, capacity 37198K, committed 38144K, reserved 1081344K
  class space    used 5026K, capacity 5211K, committed 5376K, reserved 1048576K
Event: 5038.613 GC heap after
Heap after GC invocations=1146 (full 1095):
 PSYoungGen      total 230400K, used 126583K [0x00000000eab00000, 0x00000000ff580000, 0x0000000100000000)
  eden space 128512K, 98% used [0x00000000eab00000,0x00000000f269dfc8,0x00000000f2880000)
  from space 101888K, 0% used [0x00000000f2880000,0x00000000f2880000,0x00000000f8c00000)
  to   space 98816K, 0% used [0x00000000f9500000,0x00000000f9500000,0x00000000ff580000)
 ParOldGen       total 699392K, used 699367K [0x00000000c0000000, 0x00000000eab00000, 0x00000000eab00000)
  object space 699392K, 99% used [0x00000000c0000000,0x00000000eaaf9c08,0x00000000eab00000)
 Metaspace       used 36552K, capacity 37198K, committed 38144K, reserved 1081344K
  class space    used 5026K, capacity 5211K, committed 5376K, reserved 1048576K
}
Event: 5038.700 GC heap before
{Heap before GC invocations=1147 (full 1096):
 PSYoungGen      total 230400K, used 128512K [0x00000000eab00000, 0x00000000ff580000, 0x0000000100000000)
  eden space 128512K, 100% used [0x00000000eab00000,0x00000000f2880000,0x00000000f2880000)
  from space 101888K, 0% used [0x00000000f2880000,0x00000000f2880000,0x00000000f8c00000)
  to   space 98816K, 0% used [0x00000000f9500000,0x00000000f9500000,0x00000000ff580000)
 ParOldGen       total 699392K, used 699367K [0x00000000c0000000, 0x00000000eab00000, 0x00000000eab00000)
  object space 699392K, 99% used [0x00000000c0000000,0x00000000eaaf9c08,0x00000000eab00000)
 Metaspace       used 36552K, capacity 37198K, committed 38144K, reserved 1081344K
  class space    used 5026K, capacity 5211K, committed 5376K, reserved 1048576K

Deoptimization events (10 events):
Event: 65.272 Thread 0x0000000017845800 Uncommon trap: reason=null_check action=make_not_entrant pc=0x000000000307ce20 method=org.gradle.api.internal.collections.CollectionFilter.filter(Ljava/lang/Object;)Ljava/lang/Object; @ 5
Event: 65.362 Thread 0x0000000017845800 Uncommon trap: reason=class_check action=maybe_recompile pc=0x0000000002c65980 method=com.google.common.collect.AbstractMapBasedMultimap$WrappedCollection.refreshIfEmpty()V @ 59
Event: 65.365 Thread 0x0000000017845800 Uncommon trap: reason=unstable_if action=reinterpret pc=0x0000000002a7f838 method=java.lang.reflect.Constructor.newInstance([Ljava/lang/Object;)Ljava/lang/Object; @ 69
Event: 69.669 Thread 0x000000001cbda800 Uncommon trap: reason=unstable_if action=reinterpret pc=0x00000000032d54f0 method=java.util.concurrent.locks.ReentrantLock$Sync.nonfairTryAcquire(I)Z @ 19
Event: 74.920 Thread 0x000000001cbda800 Uncommon trap: reason=unstable_if action=reinterpret pc=0x00000000033342e8 method=sun.nio.ch.IOUtil.writeFromNativeBuffer(Ljava/io/FileDescriptor;Ljava/nio/ByteBuffer;JLsun/nio/ch/NativeDispatcher;)I @ 121
Event: 74.920 Thread 0x000000001cbda800 Uncommon trap: reason=unstable_if action=reinterpret pc=0x00000000033365c0 method=org.gradle.internal.remote.internal.inet.SocketConnection$SocketOutputStream.writeWithNonBlockingRetry()I @ 41
Event: 74.921 Thread 0x000000001cbda800 Uncommon trap: reason=unstable_if action=reinterpret pc=0x000000000331e1e0 method=java.nio.channels.spi.AbstractInterruptibleChannel.begin()V @ 4
Event: 74.921 Thread 0x000000001cbda800 Uncommon trap: reason=unstable_if action=reinterpret pc=0x0000000002f98378 method=java.lang.ThreadLocal.get()Ljava/lang/Object; @ 11
Event: 75.019 Thread 0x000000001cbda800 Uncommon trap: reason=unstable_if action=reinterpret pc=0x0000000003325748 method=org.gradle.internal.remote.internal.inet.SocketConnection$SocketOutputStream.writeWithNonBlockingRetry()I @ 41
Event: 86.582 Thread 0x0000000014918800 Uncommon trap: reason=unstable_if action=reinterpret pc=0x000000000261c134 method=java.lang.ref.Reference.tryHandlePending(Z)Z @ 20

Internal exceptions (10 events):
Event: 15.978 Thread 0x0000000017a21000 Exception <a 'java/lang/NoSuchMethodError': <clinit>> (0x00000000eaf98b10) thrown at [C:\re\workspace\8-2-build-windows-amd64-cygwin\jdk8u102\7268\hotspot\src\share\vm\prims\jni.cpp, line 1613]
Event: 15.978 Thread 0x0000000017a21000 Exception <a 'java/lang/NoSuchMethodError': <clinit>> (0x00000000eaf9bf78) thrown at [C:\re\workspace\8-2-build-windows-amd64-cygwin\jdk8u102\7268\hotspot\src\share\vm\prims\jni.cpp, line 1613]
Event: 15.978 Thread 0x0000000017a21000 Exception <a 'java/lang/NoSuchMethodError': <clinit>> (0x00000000eaf9e300) thrown at [C:\re\workspace\8-2-build-windows-amd64-cygwin\jdk8u102\7268\hotspot\src\share\vm\prims\jni.cpp, line 1613]
Event: 15.979 Thread 0x0000000017a21000 Exception <a 'java/lang/NoSuchMethodError': <clinit>> (0x00000000eafa6b30) thrown at [C:\re\workspace\8-2-build-windows-amd64-cygwin\jdk8u102\7268\hotspot\src\share\vm\prims\jni.cpp, line 1613]
Event: 16.034 Thread 0x0000000017a23800 Exception <a 'java/lang/NoSuchMethodError': <clinit>> (0x00000000eb084d28) thrown at [C:\re\workspace\8-2-build-windows-amd64-cygwin\jdk8u102\7268\hotspot\src\share\vm\prims\jni.cpp, line 1613]
Event: 65.272 Thread 0x0000000017845800 Implicit null exception at 0x000000000307ccdf to 0x000000000307ce0d
Event: 65.365 Thread 0x0000000017845800 Implicit null exception at 0x0000000002a7dc67 to 0x0000000002a7f821
Event: 65.825 Thread 0x0000000017845800 Exception <a 'java/io/FileNotFoundException'> (0x00000000ed017e88) thrown at [C:\re\workspace\8-2-build-windows-amd64-cygwin\jdk8u102\7268\hotspot\src\share\vm\prims\jni.cpp, line 709]
Event: 65.879 Thread 0x0000000017845800 Exception <a 'java/io/FileNotFoundException'> (0x00000000ed04b3e0) thrown at [C:\re\workspace\8-2-build-windows-amd64-cygwin\jdk8u102\7268\hotspot\src\share\vm\prims\jni.cpp, line 709]
Event: 74.921 Thread 0x000000001cbda800 Implicit null exception at 0x0000000002f97e68 to 0x0000000002f98361

Events (10 events):
Event: 5022.145 Thread 0x0000000014953800 flushing nmethod 0x000000000334ffd0
Event: 5022.239 Executing VM operation: ParallelGCFailedAllocation
Event: 5031.611 Executing VM operation: ParallelGCFailedAllocation done
Event: 5031.658 Executing VM operation: ParallelGCFailedAllocation
Event: 5038.613 Executing VM operation: ParallelGCFailedAllocation done
Event: 5038.613 Executing VM operation: RevokeBias
Event: 5038.613 Executing VM operation: RevokeBias done
Event: 5038.613 Executing VM operation: RevokeBias
Event: 5038.613 Executing VM operation: RevokeBias done
Event: 5038.700 Executing VM operation: ParallelGCFailedAllocation


Dynamic libraries:
0x00007ff723c40000 - 0x00007ff723c77000 	C:\Program Files\Java\jdk1.8.0_102\bin\java.exe
0x00007ffb2e470000 - 0x00007ffb2e61d000 	C:\WINDOWS\SYSTEM32\ntdll.dll
0x00007ffb2dd30000 - 0x00007ffb2de6a000 	C:\WINDOWS\system32\KERNEL32.DLL
0x00007ffb2ba50000 - 0x00007ffb2bb65000 	C:\WINDOWS\system32\KERNELBASE.dll
0x00007ffb2a140000 - 0x00007ffb2a1ce000 	C:\WINDOWS\system32\apphelp.dll
0x00007ffb15550000 - 0x00007ffb155a3000 	C:\WINDOWS\AppPatch\AppPatch64\AcGenral.DLL
0x00007ffb2d930000 - 0x00007ffb2d9d7000 	C:\WINDOWS\system32\msvcrt.dll
0x00007ffb2b7a0000 - 0x00007ffb2b7ce000 	C:\WINDOWS\system32\SspiCli.dll
0x00007ffb2db90000 - 0x00007ffb2dbe1000 	C:\WINDOWS\system32\SHLWAPI.dll
0x00007ffb2bdc0000 - 0x00007ffb2bf37000 	C:\WINDOWS\system32\USER32.dll
0x00007ffb2e0e0000 - 0x00007ffb2e274000 	C:\WINDOWS\system32\ole32.dll
0x00007ffb2c350000 - 0x00007ffb2d878000 	C:\WINDOWS\system32\SHELL32.dll
0x00007ffb2ac10000 - 0x00007ffb2ac2e000 	C:\WINDOWS\SYSTEM32\USERENV.dll
0x00007ffb2d880000 - 0x00007ffb2d92a000 	C:\WINDOWS\system32\ADVAPI32.dll
0x00007ffb166d0000 - 0x00007ffb166eb000 	C:\WINDOWS\SYSTEM32\MPR.dll
0x00007ffb2dbf0000 - 0x00007ffb2dd30000 	C:\WINDOWS\system32\RPCRT4.dll
0x00007ffb2db30000 - 0x00007ffb2db87000 	C:\WINDOWS\SYSTEM32\sechost.dll
0x00007ffb2c010000 - 0x00007ffb2c1e6000 	C:\WINDOWS\SYSTEM32\combase.dll
0x00007ffb2d9e0000 - 0x00007ffb2db2f000 	C:\WINDOWS\system32\GDI32.dll
0x00007ffb2b620000 - 0x00007ffb2b634000 	C:\WINDOWS\SYSTEM32\profapi.dll
0x00007ffb2a1e0000 - 0x00007ffb2a292000 	C:\WINDOWS\SYSTEM32\SHCORE.dll
0x00007ffb2e030000 - 0x00007ffb2e064000 	C:\WINDOWS\system32\IMM32.DLL
0x00007ffb2c1f0000 - 0x00007ffb2c342000 	C:\WINDOWS\system32\MSCTF.dll
0x00007ffb29530000 - 0x00007ffb297ab000 	C:\WINDOWS\WinSxS\amd64_microsoft.windows.common-controls_6595b64144ccf1df_6.0.9600.18006_none_623f33d3ecbe86e8\COMCTL32.dll
0x000000005a980000 - 0x000000005aa51000 	C:\Program Files\Java\jdk1.8.0_102\jre\bin\msvcr100.dll
0x000000005a0e0000 - 0x000000005a97a000 	C:\Program Files\Java\jdk1.8.0_102\jre\bin\server\jvm.dll
0x00007ffb1ed10000 - 0x00007ffb1ed19000 	C:\WINDOWS\SYSTEM32\WSOCK32.dll
0x00007ffb29a60000 - 0x00007ffb29a7f000 	C:\WINDOWS\SYSTEM32\WINMM.dll
0x00007ffb29a80000 - 0x00007ffb29a8a000 	C:\WINDOWS\SYSTEM32\VERSION.dll
0x00007ffb2e0d0000 - 0x00007ffb2e0d7000 	C:\WINDOWS\system32\PSAPI.DLL
0x00007ffb2e070000 - 0x00007ffb2e0ca000 	C:\WINDOWS\system32\WS2_32.dll
0x00007ffb294d0000 - 0x00007ffb294fa000 	C:\WINDOWS\SYSTEM32\WINMMBASE.dll
0x00007ffb2bd50000 - 0x00007ffb2bd59000 	C:\WINDOWS\system32\NSI.dll
0x00007ffb2ba00000 - 0x00007ffb2ba4a000 	C:\WINDOWS\SYSTEM32\cfgmgr32.dll
0x00007ffb2a480000 - 0x00007ffb2a4a6000 	C:\WINDOWS\SYSTEM32\DEVOBJ.dll
0x000000005b1c0000 - 0x000000005b1cf000 	C:\Program Files\Java\jdk1.8.0_102\jre\bin\verify.dll
0x000000005a0b0000 - 0x000000005a0d9000 	C:\Program Files\Java\jdk1.8.0_102\jre\bin\java.dll
0x000000005b1a0000 - 0x000000005b1b6000 	C:\Program Files\Java\jdk1.8.0_102\jre\bin\zip.dll
0x000000005a090000 - 0x000000005a0aa000 	C:\Program Files\Java\jdk1.8.0_102\jre\bin\net.dll
0x00007ffb2ae70000 - 0x00007ffb2aec9000 	C:\WINDOWS\system32\mswsock.dll
0x000000005a070000 - 0x000000005a081000 	C:\Program Files\Java\jdk1.8.0_102\jre\bin\nio.dll
0x00007ffb17720000 - 0x00007ffb1773e000 	C:\Users\Татьяна\.gradle\native\21\windows-amd64\native-platform.dll
0x000000005a060000 - 0x000000005a06d000 	C:\Program Files\Java\jdk1.8.0_102\jre\bin\management.dll
0x00007ffb2aed0000 - 0x00007ffb2aeee000 	C:\WINDOWS\SYSTEM32\CRYPTSP.dll
0x00007ffb2ab00000 - 0x00007ffb2ab36000 	C:\WINDOWS\system32\rsaenh.dll
0x00007ffb2b180000 - 0x00007ffb2b1a6000 	C:\WINDOWS\SYSTEM32\bcrypt.dll
0x00007ffb2b480000 - 0x00007ffb2b4e3000 	C:\WINDOWS\system32\bcryptprimitives.dll
0x00007ffb2b4f0000 - 0x00007ffb2b4fa000 	C:\WINDOWS\SYSTEM32\CRYPTBASE.dll
0x00007ffb25bf0000 - 0x00007ffb25c1a000 	C:\WINDOWS\SYSTEM32\IPHLPAPI.DLL
0x00007ffb25be0000 - 0x00007ffb25bea000 	C:\WINDOWS\SYSTEM32\WINNSI.DLL
0x00007ffb25800000 - 0x00007ffb25814000 	C:\WINDOWS\SYSTEM32\dhcpcsvc6.DLL
0x00007ffb25900000 - 0x00007ffb25919000 	C:\WINDOWS\SYSTEM32\dhcpcsvc.DLL
0x00007ffb16fc0000 - 0x00007ffb17149000 	C:\WINDOWS\SYSTEM32\dbghelp.dll

VM Arguments:
jvm_args: -XX:MaxPermSize=256m -XX:+HeapDumpOnOutOfMemoryError -Xmx1024m -Dfile.encoding=windows-1251 -Duser.country=RU -Duser.language=ru -Duser.variant 
java_command: org.gradle.launcher.daemon.bootstrap.GradleDaemon 3.1
java_class_path (initial): C:\Users\Татьяна\.gradle\wrapper\dists\gradle-3.1-bin\37qejo6a26ua35lyn7h1u9v2n\gradle-3.1\lib\gradle-launcher-3.1.jar
Launcher Type: SUN_STANDARD

Environment Variables:
JAVA_HOME=C:\Program Files\Java\jdk1.8.0_102
CLASSPATH=D:\HillelCourse\homework-with-gradle\\gradle\wrapper\gradle-wrapper.jar
PATH=C:\Users\Татьяна\bin;C:\Program Files\Git\mingw64\bin;C:\Program Files\Git\usr\local\bin;C:\Program Files\Git\usr\bin;C:\Program Files\Git\usr\bin;C:\Program Files\Git\mingw64\bin;C:\Program Files\Git\usr\bin;C:\Users\Татьяна\bin;C:\ProgramData\Oracle\Java\javapath;C:\Program Files (x86)\NVIDIA Corporation\PhysX\Common;C:\Program Files (x86)\Intel\iCLS Client;C:\Program Files\Intel\iCLS Client;C:\WINDOWS\system32;C:\WINDOWS;C:\WINDOWS\System32\Wbem;C:\WINDOWS\System32\WindowsPowerShell\v1.0;C:\Program Files (x86)\Windows Live\Shared;C:\Program Files (x86)\Intel\OpenCL SDK\3.0\bin\x86;C:\Program Files (x86)\Intel\OpenCL SDK\3.0\bin\x64;C:\Program Files\Intel\Intel(R) Management Engine Components\DAL;C:\Program Files\Intel\Intel(R) Management Engine Components\IPT;C:\Program Files (x86)\Intel\Intel(R) Management Engine Components\DAL;C:\Program Files (x86)\Intel\Intel(R) Management Engine Components\IPT;C:\Program Files\Condusiv Technologies\ExpressCache;C:\Program Files\Intel\WiFi\bin;C:\Program Files\Common Files\Intel\WirelessCommon;C:\Program Files\Java\jdk1.7.0_45\bin;C:\Program Files (x86)\Microsoft SQL Server\100\Tools\Binn;C:\Program Files (x86)\Microsoft SQL Server\100\DTS\Binn;C:\Program Files (x86)\Microsoft SQL Server\100\Tools\Binn\VSShell\Common7\IDE;C:\Program Files\Microsoft SQL Server\100\Tools\Binn;C:\Program Files (x86)\Skype\Phone;C:\Program Files\Git\cmd;C:\Program Files\Java\jdk1.8.0_102\bin;C:\Program Files\Java\jdk1.7.0_45\bin;C:\Program Files\Git\usr\bin\vendor_perl;C:\Program Files\Git\usr\bin\core_perl
USERNAME=Татьяна
SHELL=C:\Program Files\Git\usr\bin\bash
DISPLAY=needs-to-be-defined
OS=Windows_NT
PROCESSOR_IDENTIFIER=Intel64 Family 6 Model 69 Stepping 1, GenuineIntel



---------------  S Y S T E M  ---------------

OS: Windows 8.1 , 64 bit Build 9600 (6.3.9600.17056)

CPU:total 4 (2 cores per cpu, 2 threads per core) family 6 model 69 stepping 1, cmov, cx8, fxsr, mmx, sse, sse2, sse3, ssse3, sse4.1, sse4.2, popcnt, avx, avx2, aes, clmul, erms, lzcnt, ht, tsc, tscinvbit, bmi1, bmi2

Memory: 4k page, physical 4074708k(418304k free), swap 6349516k(1287004k free)

vm_info: Java HotSpot(TM) 64-Bit Server VM (25.102-b14) for windows-amd64 JRE (1.8.0_102-b14), built on Jun 22 2016 13:15:21 by "java_re" with MS VC++ 10.0 (VS2010)

time: Sun Dec 11 12:08:07 2016
elapsed time: 5969 seconds (0d 1h 39m 29s)

